e:\圖學2016\hw2\for student\cg_hw2\cg_hw2\cg_hw2\release\glm.obj
e:\圖學2016\hw2\for student\cg_hw2\cg_hw2\cg_hw2\release\vc100.pdb
e:\圖學2016\hw2\for student\cg_hw2\cg_hw2\cg_hw2\release\textfile.obj
e:\圖學2016\hw2\for student\cg_hw2\cg_hw2\cg_hw2\release\main.obj
e:\圖學2016\hw2\for student\cg_hw2\cg_hw2\cg_hw2\release\matrices.obj
e:\圖學2016\hw2\for student\cg_hw2\cg_hw2\release\cg_hw2.exe
e:\圖學2016\hw2\for student\cg_hw2\cg_hw2\cg_hw2\release\cg_hw2.exe.intermediate.manifest
e:\圖學2016\hw2\for student\cg_hw2\cg_hw2\release\cg_hw2.pdb
c:\users\blurry\downloads\計算機圖學\hw2\cg_hw2_framework\cg_hw2\cg_hw2\cg_hw2\release\vc120.pdb
c:\users\blurry\downloads\計算機圖學\hw2\cg_hw2_framework\cg_hw2\cg_hw2\cg_hw2\release\textfile.obj
c:\users\blurry\downloads\計算機圖學\hw2\cg_hw2_framework\cg_hw2\cg_hw2\cg_hw2\release\matrices.obj
c:\users\blurry\downloads\計算機圖學\hw2\cg_hw2_framework\cg_hw2\cg_hw2\cg_hw2\release\main.obj
c:\users\blurry\downloads\計算機圖學\hw2\cg_hw2_framework\cg_hw2\cg_hw2\cg_hw2\release\glm.obj
c:\users\blurry\downloads\computer graphic\hw2\cg_hw2_framework\cg_hw2\opengl-shader-transformation\cg_hw2\cg_hw2\release\vc120.pdb
c:\users\blurry\downloads\computer graphic\hw2\cg_hw2_framework\cg_hw2\opengl-shader-transformation\cg_hw2\cg_hw2\release\glm.obj
c:\users\blurry\downloads\computer graphic\hw2\cg_hw2_framework\cg_hw2\opengl-shader-transformation\cg_hw2\cg_hw2\release\textfile.obj
c:\users\blurry\downloads\computer graphic\hw2\cg_hw2_framework\cg_hw2\opengl-shader-transformation\cg_hw2\cg_hw2\release\matrices.obj
c:\users\blurry\downloads\computer graphic\hw2\cg_hw2_framework\cg_hw2\opengl-shader-transformation\cg_hw2\cg_hw2\release\main.obj
c:\users\blurry\downloads\計算機圖學\hw2\cg_hw2_framework\cg_hw2\cg_hw2\release\cg_hw2.exe
c:\users\blurry\downloads\計算機圖學\hw2\cg_hw2_framework\cg_hw2\cg_hw2\release\cg_hw2.pdb
c:\users\blurry\downloads\computer graphic\hw2\cg_hw2_framework\cg_hw2\opengl-shader-transformation\cg_hw2\release\cg_hw2.exe
c:\users\blurry\downloads\computer graphic\hw2\cg_hw2_framework\cg_hw2\opengl-shader-transformation\cg_hw2\release\cg_hw2.pdb
c:\users\blurry\downloads\computer graphic\hw2\cg_hw2_framework\cg_hw2\opengl-shader-transformation\cg_hw2\cg_hw2\release\cg_hw2.vcxprojresolveassemblyreference.cache
c:\users\blurry\downloads\computer graphic\hw2\cg_hw2_framework\cg_hw2\opengl-shader-transformation\cg_hw2\cg_hw2\release\cg_hw2.write.1.tlog
c:\users\blurry\downloads\computer graphic\hw2\cg_hw2_framework\cg_hw2\opengl-shader-transformation\cg_hw2\cg_hw2\release\cl.command.1.tlog
c:\users\blurry\downloads\computer graphic\hw2\cg_hw2_framework\cg_hw2\opengl-shader-transformation\cg_hw2\cg_hw2\release\cl.read.1.tlog
c:\users\blurry\downloads\computer graphic\hw2\cg_hw2_framework\cg_hw2\opengl-shader-transformation\cg_hw2\cg_hw2\release\cl.write.1.tlog
c:\users\blurry\downloads\computer graphic\hw2\cg_hw2_framework\cg_hw2\opengl-shader-transformation\cg_hw2\cg_hw2\release\link.command.1.tlog
c:\users\blurry\downloads\computer graphic\hw2\cg_hw2_framework\cg_hw2\opengl-shader-transformation\cg_hw2\cg_hw2\release\link.read.1.tlog
c:\users\blurry\downloads\computer graphic\hw2\cg_hw2_framework\cg_hw2\opengl-shader-transformation\cg_hw2\cg_hw2\release\link.write.1.tlog
c:\users\blurry\downloads\computer graphic\hw2\cg_hw2_framework\cg_hw2\opengl-shader-transformation\cg_hw2\cg_hw2\release\mt.command.1.tlog
c:\users\blurry\downloads\computer graphic\hw2\cg_hw2_framework\cg_hw2\opengl-shader-transformation\cg_hw2\cg_hw2\release\mt.read.1.tlog
c:\users\blurry\downloads\computer graphic\hw2\cg_hw2_framework\cg_hw2\opengl-shader-transformation\cg_hw2\cg_hw2\release\mt.write.1.tlog
c:\users\blurry\downloads\computer graphic\hw2\cg_hw2_framework\cg_hw2\opengl-shader-transformation\cg_hw2\cg_hw2\release\cg_hw2.exe.intermediate.manifest
c:\users\blurry\downloads\computer graphic\hw2\cg_hw2_framework\cg_hw2\opengl-shader-transformation\cg_hw2\cg_hw2\release\vc100.pdb
c:\users\blurry\downloads\computer graphic\hw2\cg_hw2_framework\cg_hw2\opengl-shader-transformation\cg_hw2\cg_hw2\release\cg_hw2.tlog\cl.command.1.tlog
c:\users\blurry\downloads\computer graphic\hw2\cg_hw2_framework\cg_hw2\opengl-shader-transformation\cg_hw2\cg_hw2\release\cg_hw2.tlog\cl.read.1.tlog
c:\users\blurry\downloads\computer graphic\hw2\cg_hw2_framework\cg_hw2\opengl-shader-transformation\cg_hw2\cg_hw2\release\cg_hw2.tlog\cl.write.1.tlog
c:\users\blurry\downloads\computer graphic\hw2\cg_hw2_framework\cg_hw2\opengl-shader-transformation\cg_hw2\cg_hw2\release\cg_hw2.tlog\link.command.1.tlog
c:\users\blurry\downloads\computer graphic\hw2\cg_hw2_framework\cg_hw2\opengl-shader-transformation\cg_hw2\cg_hw2\release\cg_hw2.tlog\link.read.1.tlog
c:\users\blurry\downloads\computer graphic\hw2\cg_hw2_framework\cg_hw2\opengl-shader-transformation\cg_hw2\cg_hw2\release\cg_hw2.tlog\link.write.1.tlog
